<?xml version="1.0" encoding="UTF-8"?>
<!-- Generated by org.testng.reporters.JUnitXMLReporter -->
<testsuite ignored="0" hostname="LAPTOP-93HV2FKM" failures="1" tests="1" name="FirefoxTest" time="70.248" errors="0" timestamp="2024-11-27T11:29:08 IST">
  <testcase classname="testCases.TC_RegisterTest" name="testRegisteration" time="1.226">
    <failure type="java.lang.AssertionError" message="expected [New User Signup!] but found [New User Signup!Identity management solutions]">
      <![CDATA[java.lang.AssertionError: expected [New User Signup!] but found [New User Signup!Identity management solutions]
at testCases.TC_RegisterTest.testRegisteration(TC_RegisterTest.java:32)
at java.base/java.util.ArrayList.forEach(ArrayList.java:1511)
at java.base/java.util.concurrent.FutureTask.run(FutureTask.java:264)
at java.base/java.util.concurrent.ThreadPoolExecutor.runWorker(ThreadPoolExecutor.java:1136)
at java.base/java.util.concurrent.ThreadPoolExecutor$Worker.run(ThreadPoolExecutor.java:635)
at java.base/java.lang.Thread.run(Thread.java:833)
... Removed 23 stack frames]]>
    </failure>
  </testcase> <!-- testRegisteration -->
</testsuite> <!-- FirefoxTest -->
