<?xml version="1.0" encoding="UTF-8"?>
<!-- Generated by org.testng.reporters.JUnitXMLReporter -->
<testsuite ignored="0" hostname="LAPTOP-93HV2FKM" failures="0" tests="3" name="Test" time="77.043" errors="0" timestamp="2024-11-30T15:38:23 IST">
  <testcase classname="testCases.TC_LoginTDDTest" name="verify_loginDDT" time="4.475"/>
  <testcase classname="testCases.TC_LoginTDDTest" name="verify_loginDDT" time="32.032"/>
  <testcase classname="testCases.TC_LoginTDDTest" name="verify_loginDDT" time="33.895"/>
</testsuite> <!-- Test -->
