<?xml version="1.0" encoding="UTF-8"?>
<testng-results ignored="0" total="1" passed="1" failed="0" skipped="0">
  <reporter-output>
  </reporter-output>
  <suite started-at="2024-11-14T15:18:42 IST" name="Default suite" finished-at="2024-11-14T15:18:48 IST" duration-ms="5410">
    <groups>
    </groups>
    <test started-at="2024-11-14T15:18:42 IST" name="Default test" finished-at="2024-11-14T15:18:48 IST" duration-ms="5410">
      <class name="Automation.LoginTest">
        <test-method is-config="true" signature="setup()[pri:0, instance:Automation.LoginTest@59474f18]" started-at="2024-11-14T15:18:42 IST" name="setup" finished-at="2024-11-14T15:18:45 IST" duration-ms="3177" status="PASS">
          <reporter-output>
          </reporter-output>
        </test-method> <!-- setup -->
        <test-method signature="testWebApp()[pri:1, instance:Automation.LoginTest@59474f18]" started-at="2024-11-14T15:18:45 IST" name="testWebApp" finished-at="2024-11-14T15:18:48 IST" duration-ms="2191" status="PASS">
          <reporter-output>
          </reporter-output>
        </test-method> <!-- testWebApp -->
      </class> <!-- Automation.LoginTest -->
    </test> <!-- Default test -->
  </suite> <!-- Default suite -->
</testng-results>
