<?xml version="1.0" encoding="UTF-8"?>
<testng-results ignored="0" total="3" passed="3" failed="0" skipped="0">
  <reporter-output>
  </reporter-output>
  <suite started-at="2024-11-30T15:37:04 IST" name="Suite" finished-at="2024-11-30T15:38:21 IST" duration-ms="77043">
    <groups>
      <group name="Sanity">
        <method signature="TC_LoginTDDTest.verify_loginDDT(java.lang.String,java.lang.String,java.lang.String)[pri:0, instance:testCases.TC_LoginTDDTest@4b9df8a]" name="verify_loginDDT" class="testCases.TC_LoginTDDTest"/>
      </group> <!-- Sanity -->
      <group name="Regression">
        <method signature="TC_LoginTDDTest.verify_loginDDT(java.lang.String,java.lang.String,java.lang.String)[pri:0, instance:testCases.TC_LoginTDDTest@4b9df8a]" name="verify_loginDDT" class="testCases.TC_LoginTDDTest"/>
      </group> <!-- Regression -->
    </groups>
    <test started-at="2024-11-30T15:37:04 IST" name="Test" finished-at="2024-11-30T15:38:21 IST" duration-ms="77043">
      <class name="testCases.TC_LoginTDDTest">
        <test-method is-config="true" signature="setup(java.lang.String,java.lang.String)[pri:0, instance:testCases.TC_LoginTDDTest@4b9df8a]" started-at="2024-11-30T15:37:05 IST" name="setup" finished-at="2024-11-30T15:37:10 IST" duration-ms="5425" status="PASS">
          <params>
            <param index="0">
              <value>
                <![CDATA[Windows]]>
              </value>
            </param>
            <param index="1">
              <value>
                <![CDATA[chrome]]>
              </value>
            </param>
          </params>
          <reporter-output>
          </reporter-output>
        </test-method> <!-- setup -->
        <test-method signature="verify_loginDDT(java.lang.String,java.lang.String,java.lang.String)[pri:0, instance:testCases.TC_LoginTDDTest@4b9df8a]" started-at="2024-11-30T15:37:11 IST" name="verify_loginDDT" data-provider="LoginData" finished-at="2024-11-30T15:37:15 IST" duration-ms="4475" status="PASS">
          <params>
            <param index="0">
              <value>
                <![CDATA[pratibhasaras@gmail.com]]>
              </value>
            </param>
            <param index="1">
              <value>
                <![CDATA[Test@1234]]>
              </value>
            </param>
            <param index="2">
              <value>
                <![CDATA[valid]]>
              </value>
            </param>
          </params>
          <reporter-output>
          </reporter-output>
        </test-method> <!-- verify_loginDDT -->
        <test-method signature="verify_loginDDT(java.lang.String,java.lang.String,java.lang.String)[pri:0, instance:testCases.TC_LoginTDDTest@4b9df8a]" started-at="2024-11-30T15:37:15 IST" name="verify_loginDDT" data-provider="LoginData" finished-at="2024-11-30T15:37:47 IST" duration-ms="32032" status="PASS">
          <params>
            <param index="0">
              <value>
                <![CDATA[test123@gn.cm]]>
              </value>
            </param>
            <param index="1">
              <value>
                <![CDATA[gjhgjhgj]]>
              </value>
            </param>
            <param index="2">
              <value>
                <![CDATA[Invalid]]>
              </value>
            </param>
          </params>
          <reporter-output>
          </reporter-output>
        </test-method> <!-- verify_loginDDT -->
        <test-method signature="verify_loginDDT(java.lang.String,java.lang.String,java.lang.String)[pri:0, instance:testCases.TC_LoginTDDTest@4b9df8a]" started-at="2024-11-30T15:37:47 IST" name="verify_loginDDT" data-provider="LoginData" finished-at="2024-11-30T15:38:21 IST" duration-ms="33895" status="PASS">
          <params>
            <param index="0">
              <value>
                <![CDATA[hjhj@h.cm]]>
              </value>
            </param>
            <param index="1">
              <value>
                <![CDATA[jhgjhg]]>
              </value>
            </param>
            <param index="2">
              <value>
                <![CDATA[Invalid]]>
              </value>
            </param>
          </params>
          <reporter-output>
          </reporter-output>
        </test-method> <!-- verify_loginDDT -->
        <test-method is-config="true" signature="tearDown()[pri:0, instance:testCases.TC_LoginTDDTest@4b9df8a]" started-at="2024-11-30T15:38:21 IST" name="tearDown" finished-at="2024-11-30T15:38:21 IST" duration-ms="200" status="PASS">
          <reporter-output>
          </reporter-output>
        </test-method> <!-- tearDown -->
      </class> <!-- testCases.TC_LoginTDDTest -->
    </test> <!-- Test -->
  </suite> <!-- Suite -->
</testng-results>
